<?xml version="1.0" encoding="UTF-8"?>
<testng-results skipped="0" failed="0" ignored="0" total="1" passed="1">
  <reporter-output>
  </reporter-output>
  <suite name="Default suite" duration-ms="21216" started-at="2022-03-02T19:08:08 IST" finished-at="2022-03-02T19:08:29 IST">
    <groups>
    </groups>
    <test name="Default test" duration-ms="21216" started-at="2022-03-02T19:08:08 IST" finished-at="2022-03-02T19:08:29 IST">
      <class name="dynamicXpath.CalenderTest">
        <test-method status="PASS" signature="calender()[pri:0, instance:dynamicXpath.CalenderTest@5a1c0542]" name="calender" duration-ms="21102" started-at="2022-03-02T19:08:08 IST" finished-at="2022-03-02T19:08:29 IST">
          <reporter-output>
          </reporter-output>
        </test-method> <!-- calender -->
      </class> <!-- dynamicXpath.CalenderTest -->
    </test> <!-- Default test -->
  </suite> <!-- Default suite -->
</testng-results>
